{
  "RSpec": {
    "coverage": {
      "/Users/bethhaubert/code/personal/ameowica/app/models/user.rb": [
        null,
        null,
        1,
        1,
        1,
        null
      ],
      "/Users/bethhaubert/code/personal/ameowica/app/models/application_record.rb": [
        null,
        null,
        1,
        1,
        null
      ],
      "/Users/bethhaubert/code/personal/ameowica/app/helpers/application_helper.rb": [
        null,
        null,
        1,
        null
      ],
      "/Users/bethhaubert/code/personal/ameowica/app/mailers/application_mailer.rb": [
        null,
        null,
        0,
        0,
        0,
        0
      ],
      "/Users/bethhaubert/code/personal/ameowica/app/models/favorite_thing.rb": [
        null,
        null,
        0,
        0,
        0
      ],
      "/Users/bethhaubert/code/personal/ameowica/app/models/cat.rb": [
        null,
        null,
        0,
        0,
        0,
        0,
        0
      ],
      "/Users/bethhaubert/code/personal/ameowica/app/jobs/application_job.rb": [
        null,
        null,
        0,
        0
      ],
      "/Users/bethhaubert/code/personal/ameowica/app/controllers/application_controller.rb": [
        null,
        null,
        0,
        null,
        null,
        0
      ],
      "/Users/bethhaubert/code/personal/ameowica/app/controllers/cats_controller.rb": [
        null,
        null,
        0,
        0,
        0,
        0,
        null,
        0,
        0,
        0,
        0,
        0,
        0,
        0,
        0,
        null,
        0,
        0,
        0,
        null,
        0,
        null,
        0,
        0,
        0,
        0
      ],
      "/Users/bethhaubert/code/personal/ameowica/app/controllers/home_controller.rb": [
        null,
        null,
        0,
        0,
        0,
        0,
        0
      ]
    },
    "timestamp": 1567800963
  }
}
